MPChartLib/build/outputs/logs/manifest-merger-debug-report.txt
-- Merging decision tree log ---
manifest
ADDED from toutiaojingxuan1.0.8\MPChartLib\AndroidManifest.xml:2:1-13:12
INJECTED from toutiaojingxuan1.0.8\MPChartLib\AndroidManifest.xml:2:1-13:12
INJECTED from toutiaojingxuan1.0.8\MPChartLib\AndroidManifest.xml:2:1-13:12
INJECTED from toutiaojingxuan1.0.8\MPChartLib\AndroidManifest.xml:2:1-13:12
INJECTED from toutiaojingxuan1.0.8\MPChartLib\AndroidManifest.xml:2:1-13:12
INJECTED from toutiaojingxuan1.0.8\MPChartLib\AndroidManifest.xml:2:1-13:12
INJECTED from toutiaojingxuan1.0.8\MPChartLib\AndroidManifest.xml:2:1-13:12
	package
		ADDED from toutiaojingxuan1.0.8\MPChartLib\AndroidManifest.xml:2:11-49
		INJECTED from toutiaojingxuan1.0.8\MPChartLib\AndroidManifest.xml
		INJECTED from toutiaojingxuan1.0.8\MPChartLib\AndroidManifest.xml
	android:versionName
		INJECTED from toutiaojingxuan1.0.8\MPChartLib\AndroidManifest.xml
		ADDED from toutiaojingxuan1.0.8\MPChartLib\AndroidManifest.xml:2:1-13:12
		INJECTED from toutiaojingxuan1.0.8\MPChartLib\AndroidManifest.xml
	xmlns:android
		ADDED from toutiaojingxuan1.0.8\MPChartLib\AndroidManifest.xml:2:1-13:12
	android:versionCode
		INJECTED from toutiaojingxuan1.0.8\MPChartLib\AndroidManifest.xml
		ADDED from toutiaojingxuan1.0.8\MPChartLib\AndroidManifest.xml:2:1-13:12
		INJECTED from toutiaojingxuan1.0.8\MPChartLib\AndroidManifest.xml
uses-sdk
INJECTED from toutiaojingxuan1.0.8\MPChartLib\AndroidManifest.xml reason: use-sdk injection requested
INJECTED from toutiaojingxuan1.0.8\MPChartLib\AndroidManifest.xml
INJECTED from toutiaojingxuan1.0.8\MPChartLib\AndroidManifest.xml
INJECTED from toutiaojingxuan1.0.8\MPChartLib\AndroidManifest.xml
INJECTED from toutiaojingxuan1.0.8\MPChartLib\AndroidManifest.xml
	android:targetSdkVersion
		INJECTED from toutiaojingxuan1.0.8\MPChartLib\AndroidManifest.xml
		ADDED from toutiaojingxuan1.0.8\MPChartLib\AndroidManifest.xml
		INJECTED from toutiaojingxuan1.0.8\MPChartLib\AndroidManifest.xml
	android:minSdkVersion
		INJECTED from toutiaojingxuan1.0.8\MPChartLib\AndroidManifest.xml
		ADDED from toutiaojingxuan1.0.8\MPChartLib\AndroidManifest.xml
		INJECTED from toutiaojingxuan1.0.8\MPChartLib\AndroidManifest.xml